New log file opened at Sat Jul 04 03:20:33 BST 2015 by 9900@ASUS-PC
Taking next connection to: 64960
New client attempting to connect on port: 64961-64960
  Address = /192.168.1.109:64960
This client on port 64961 has uuid 1ba693ce-b9e6-46fe-8e38-48655aa55674 configName activator humanReadableName Activator protocolVersion 3 featureTags Vector()
Connected Clients: activator-1ba693ce-b9e6-46fe-8e38-48655aa55674
Taking next connection to: 64960
New client attempting to connect on port: 64962-64960
  Address = /192.168.1.109:64960
Handshake exception on socket: 64962
sbt.impl.ipc.HandshakeException: Unable to perform handshake
	at sbt.impl.ipc.Peer.handshake(IPC.scala:46)
	at sbt.impl.ipc.MultiClientServer.<init>(IPC.scala:150)
	at sbt.server.SbtServerSocketHandler$$anon$1.run(SbtServerSocketHandler.scala:43)
Caused by: java.io.EOFException
	at java.io.DataInputStream.readInt(DataInputStream.java:392)
	at sbt.impl.ipc.Peer.receive(IPC.scala:95)
	at sbt.impl.ipc.Peer.handshake(IPC.scala:49)
	... 2 more
Taking next connection to: 64960
New client attempting to connect on port: 64963-64960
  Address = /192.168.1.109:64960
This client on port 64963 has uuid 2c010c1b-e908-4a73-9184-07d0c2a1fabe configName activator humanReadableName Activator protocolVersion 3 featureTags Vector()
Connected Clients: activator-1ba693ce-b9e6-46fe-8e38-48655aa55674, activator-2c010c1b-e908-4a73-9184-07d0c2a1fabe
Taking next connection to: 64960
New client attempting to connect on port: 64989-64960
  Address = /192.168.1.109:64960
Handshake exception on socket: 64989
sbt.impl.ipc.HandshakeException: Unable to perform handshake
	at sbt.impl.ipc.Peer.handshake(IPC.scala:46)
	at sbt.impl.ipc.MultiClientServer.<init>(IPC.scala:150)
	at sbt.server.SbtServerSocketHandler$$anon$1.run(SbtServerSocketHandler.scala:43)
Caused by: java.io.EOFException
	at java.io.DataInputStream.readInt(DataInputStream.java:392)
	at sbt.impl.ipc.Peer.receive(IPC.scala:95)
	at sbt.impl.ipc.Peer.handshake(IPC.scala:49)
	... 2 more
Taking next connection to: 64960
New client attempting to connect on port: 64990-64960
  Address = /192.168.1.109:64960
This client on port 64990 has uuid 4fb69500-aaa5-4295-81cb-5ca63a7a032c configName play-fork-run humanReadableName Play Fork Run protocolVersion 1 featureTags Vector()
Connected Clients: activator-1ba693ce-b9e6-46fe-8e38-48655aa55674, play-fork-run-4fb69500-aaa5-4295-81cb-5ca63a7a032c
Taking next connection to: 64960
Checking to see if clients are empty...
We have 1 non-daemon clients, continuing serving connections.
Taking next connection to: 64960
